11.807205
7.160976
9.266946
12.248842
7.719537
11.807185
6.010225
6.697776
10.853518
15.263578
11.928120
16.514571
11.982944
9.144024
10.864501
10.281286
8.657417
12.222109
14.108205
8.467002
11.593438
11.890944
11.580891
12.999354
12.595709
9.165112
11.546439
7.242668
9.106667
5.906122
14.411547
9.109660
11.333822
14.357710
9.216502
8.050294
7.505309
11.651475
11.897190
10.150162
13.744151
12.335886
9.567956
7.503135
11.100480
11.388739
6.447079
14.550217
7.582413
9.773358
8.120683
8.409398
9.514552
11.649091
13.582670
8.723969
14.465049
11.243221
12.693634
7.278673
10.717315
11.815046
9.886684
6.886110
13.430137
4.523023
5.717555
9.815817
13.648768
11.336253
8.263550
13.881826
6.081795
9.714410
11.704983
10.703809
14.014695
11.148288
7.750237
8.178771
8.386892
8.773782
10.080086
8.668413
12.152217
10.586208
10.352647
8.719992
11.998414
15.647094
13.757909
6.752577
15.219322
9.617465
8.934606
14.873857
10.751249
10.149147
8.657426
8.873268
5.655123
12.990674
5.840792
11.046603
13.272864
13.116440
5.535531
12.727494
4.314655
11.817534
11.619305
7.084630
7.644536
13.814917
11.912196
10.410310
11.642524
11.804357
13.416013
5.667308
10.612585
10.761421
11.554749
12.465851
10.115042
6.005994
11.798632
9.924484
9.728118
10.677368
8.628139
11.034083
7.406476
6.887835
10.749136
11.679203
13.698080
16.781681
8.410962
11.952496
8.137953
5.503480
11.099844
5.876294
9.053368
11.964314
6.199309
9.071665
11.142097
6.770362
14.589210
14.176328
6.801534
5.567031
8.385323
17.794114
6.246563
10.769628
9.961976
11.614815
11.815043
7.726625
11.317933
10.384356
7.568472
7.624161
7.445215
9.787982
8.013873
12.964961
8.324505
12.086682
6.468993
12.406617
5.327268
7.498070
13.410455
16.565461
12.180286
14.093404
9.768414
6.517166
11.351881
10.348709
8.921438
10.699489
15.904728
8.955381
11.686487
4.767835
4.933559
13.279566
10.882593
8.905634
4.640000
2.873423
8.806774
6.524136
4.504404
13.671743
11.279313
11.829310
8.931172
7.721538
11.811810
7.509480
11.380068
13.241729
7.388262
7.487012
9.178081
9.919240
10.542810
6.860437
9.775895
15.278882
11.883993
11.828333
14.043788
8.963370
14.754399
8.519841
9.327707
12.050072
6.701572
5.464290
14.080863
10.619600
9.541171
15.868094
9.019920
9.229914
11.444147
13.073213
8.446110
8.788593
9.613266
8.781937
9.460952
11.116148
9.979813
6.959371
9.469299
8.451652
13.468143
11.125658
10.646282
10.981193
13.086139
16.385238
13.757214
10.430411
7.376430
8.108384
9.755923
11.258272
10.483275
5.413851
11.788343
14.394081
10.196424
9.554335
14.524127
9.658571
9.078011
5.691161
8.965362
12.025087
9.114500
12.067311
11.093370
14.158279
5.838320
14.616309
5.504401
12.417661
5.506628
9.819521
8.405790
7.405474
9.214784
7.986732
3.522993
16.912416
8.730221
11.057333
8.966440
12.006165
7.557500
7.987612
10.423346
9.131276
8.248196
9.502805
5.683928
13.781824
7.562772
7.017598
8.413968
12.040190
11.035047
8.655776
9.090660
14.407119
6.213478
9.229181
9.547233
15.264905
8.178782
7.068756
7.178614
14.109044
8.601356
15.864604
4.122162
11.555774
6.721280
5.519527
8.986562
12.036905
8.063891
11.896754
8.141551
9.855964
12.511783
16.368542
10.123839
7.914168
13.381819
11.946004
16.158939
8.816026
13.989842
13.629726
10.664161
12.716638
9.591656
4.745055
10.380791
10.747648
4.372515
8.536998
7.126848
11.423979
11.130481
12.595933
5.712271
8.047409
12.456749
12.122735
8.223204
9.956548
13.756085
9.601768
10.149241
12.281061
13.446149
12.508159
5.115969
10.108627
4.742200
7.963452
8.690597
11.731185
6.756811
7.591372
7.796065
4.433521
11.685669
13.086051
11.529238
5.927027
13.671639
9.534634
12.826701
11.074281
11.946639
9.043975
12.100598
6.258289
10.901162
12.501586
3.885939
10.458459
5.570450
6.784745
14.907053
12.006006
15.737242
11.649006
4.774663
4.683998
8.374499
11.780678
12.329037
6.376447
7.775966
7.930436
17.530620
10.394402
11.027136
9.486240
12.698600
16.144695
8.510470
7.444419
5.100951
14.149164
10.707945
9.963934
13.539489
9.955742
6.040894
2.826381
6.168051
5.238489
9.734598
12.862377
10.827383
14.444579
9.944332
7.759784
12.832865
12.140058
11.607537
11.774778
8.610142
9.370704
5.536272
11.757790
10.935638
7.853487
10.099613
6.444680
11.388086
8.476171
6.485486
8.491084
12.504880
12.284112
14.147189
9.109076
2.644170
12.871453
9.193813
8.929539
14.307515
12.812756
15.100208
8.549695
11.219714
9.672370
10.959391
9.941784
8.939592
7.119852
12.632846
10.850730
5.456374
11.631134
12.619562
7.784698
12.851565
9.144576
12.147147
10.024435
11.630436
9.733832
2.453436
9.033853
7.055810
14.432159
8.977773
10.067912
7.412691
7.757894
7.195720
14.646038
7.874198
10.880174
5.815627
6.219361
13.425353
10.485882
7.458668
12.461682
11.084743
12.024476
9.055163
8.476646
11.770582
9.016369
10.753846
7.521831
16.358194
17.473314
11.541886
11.195525
9.678878
11.061529
7.622711
9.208567
10.584478
12.622432
7.837274
9.468005
10.171704
7.950490
8.792471
8.912880
1.119238
9.531765
7.980334
11.234494
9.534726
9.203923
15.461235
7.822548
11.850562
16.706475
10.376902
6.741810
10.791460
8.586425
13.440421
14.000492
8.092977
10.904873
16.568187
9.248507
5.961481
15.440970
7.392089
10.016756
8.272322
3.933952
6.667713
17.132691
5.178318
9.062398
10.797747
11.137962
13.762615
9.108065
11.469428
12.854229
9.137390
7.737194
6.016884
7.803185
9.832207
6.914161
12.801950
5.997237
10.172274
2.482916
15.775780
9.867208
4.942465
6.936911
10.851539
8.236290
12.288971
10.565533
10.610675
10.331115
7.404221
7.294001
15.261199
15.446529
8.669062
7.983527
11.807259
15.637995
12.985900
8.130135
5.969926
10.601635
11.008225
3.422662
11.509334
9.793433
9.337037
11.862533
3.694724
12.392165
4.978723
11.445798
11.704021
10.688141
9.639844
10.574416
6.138112
4.685154
9.267067
13.138340
12.551885
9.256258
7.942772
8.968930
9.446818
11.864631
11.452323
8.096880
8.132703
16.277865
8.771168
8.429013
14.621858
16.231648
5.036133
9.705057
11.494295
6.137104
8.236424
11.630619
14.861101
12.886075
5.563283
10.326796
9.493212
9.950902
8.299455
9.479508
7.689934
11.365839
6.300782
10.257813
15.871741
8.251225
5.400865
7.185775
7.797069
12.439380
8.046015
4.286691
16.611099
8.816201
9.113230
5.813903
13.844805
11.580068
11.952308
10.260092
7.691698
5.645302
10.413772
11.527131
16.021753
15.307166
12.209972
11.402142
8.199887
12.642147
6.139986
9.475537
6.343269
7.586617
8.451442
13.814440
12.322618
8.201799
11.897920
5.633689
4.804077
4.435827
10.593431
12.632016
6.000631
11.476720
5.029376
14.652531
12.867752
9.215972
9.631304
10.329702
3.262990
8.555627
9.918965
10.999816
7.737917
10.328092
8.969424
8.915884
5.245970
12.522981
6.312452
6.433522
5.660885
11.302018
9.496781
18.562384
6.168810
6.576662
5.838219
8.411036
12.159131
8.617619
8.204013
10.141041
8.326015
6.173908
8.311019
11.079804
12.679385
11.462512
6.868377
12.768556
9.238904
9.090267
12.872326
4.920972
4.390269
9.492796
9.082152
9.549994
11.550466
12.134573
6.943697
10.554955
2.636858
3.800616
6.259897
12.209794
10.130983
8.134198
17.201192
11.161279
8.756873
12.530280
7.645653
11.510731
8.162915
5.820560
7.517103
9.434195
7.711538
10.185480
8.645624
9.403324
14.153115
12.971240
13.404222
5.421159
6.241490
13.670886
11.874175
12.231711
8.765314
10.455805
13.225211
9.851088
9.120643
6.235488
9.674718
12.606129
9.582829
5.990376
13.752919
11.820694
9.146737
11.842768
10.171112
7.161554
9.659168
10.211022
11.606329
15.858758
13.678381
11.206351
12.610285
12.661136
10.372533
4.355618
12.126138
12.218721
14.306971
8.063021
5.863576
8.019679
9.168214
12.486545
13.264133
15.100174
12.874444
12.686876
12.664811
4.168014
9.519781
5.424346
6.891707
11.659988
13.477717
7.346460
14.871822
5.436710
10.110832
8.350107
5.488540
3.145242
9.945830
13.946406
11.856842
9.657733
13.243047
9.496800
10.290710
11.785347
10.865875
6.604437
5.669343
9.769426
9.718394
11.962571
7.459546
11.867891
10.670357
10.657393
10.959098
7.683527
9.875850
7.690761
13.087014
10.833137
10.402116
10.316280
11.237816
15.525914
10.989329
4.234899
9.457877
13.258313
8.718639
5.244762
10.333967
15.151045
10.866132
12.364882
9.021426
7.610682
10.584276
12.288544
13.091313
9.370400
9.714051
7.572036
8.972082
5.357305
8.115515
9.984732
5.198543
9.471603
9.640916
14.491348
11.529989
14.192457
5.661466
9.089345
13.072156
7.319326
12.088807
7.169542
10.415019
9.948079
3.088694
6.635414
3.599190
13.359505
12.671170
10.277606
12.039432
7.668299
8.283494
9.219543
14.330500
7.917812
10.881171
2.477530
9.931033
8.020843
10.827082
6.914858
14.810019
10.586023
6.740149
13.654124
6.612760
9.561142
10.528038
5.125385
8.933339
11.909653
10.740667
7.330348
5.301890
12.402552
10.771891
12.689256
10.787475
6.588593
8.459743
7.446332
10.179449
9.828727
5.221240
8.765953
10.301983
9.249422
4.154733
14.805216
10.996592
11.856139
10.993985
14.579333
11.513840
9.046336
10.908292
16.854753
7.610645
13.182643
4.080064
13.605973
8.140836
11.717349
9.959123
13.182016
10.541491
10.298730
10.864850
10.623003
6.344170
14.226054
11.149603
11.056623
17.182107
8.228747
9.688558
9.628103
14.226702
18.739463
10.124460
8.872948
7.468862
9.513304
7.669476
11.262612
13.399067
8.354728
9.892444
10.022885
12.126961
8.862384
7.010155
4.109733
10.940895
6.620584
13.904333
7.441956
8.924944
8.332597
9.376246
10.274209
10.155308
10.401029
4.960552
7.602085
9.936486
7.199290
4.969610
7.876151
9.247328
10.940466
13.208114
11.833518
11.372083
8.818517
9.899352
10.144978
12.335178
5.994618
7.130607
12.036950
11.979909
9.380940
14.574173
8.225742
6.697384
8.183074
10.121665
10.924294
13.084122
8.363276
7.030439
11.127576
9.213198
11.473827
4.170713
8.280564
7.661505
12.623015
