16.766240
14.571509
11.600208
7.399049
16.300709
17.961540
9.910373
15.329245
10.198350
6.930936
4.956800
6.088804
13.311473
9.932695
13.271693
7.873863
9.791586
12.496578
6.019848
14.253008
8.645827
9.342937
9.919113
10.711925
4.689038
7.489211
8.728729
11.843115
10.856640
14.540301
8.478715
11.750567
5.252953
2.759995
8.887910
9.489871
13.321873
8.930732
11.417357
13.972280
12.949597
12.833883
4.815707
11.138138
8.576744
11.797662
10.810669
11.497088
8.846693
16.808193
5.022279
10.720894
10.988577
12.043660
9.558722
11.172104
10.949937
11.837738
5.508845
14.531120
10.437677
7.216217
8.808031
7.809942
11.119215
13.395440
11.598090
13.613850
12.176404
9.526665
9.036087
8.506989
7.871403
12.410259
10.788925
10.430033
10.592620
8.780236
12.250083
7.027687
14.977373
9.902183
8.665529
17.143562
13.715281
8.104656
8.776975
12.493543
7.370772
15.756465
3.950815
11.058138
9.792768
10.880910
13.429862
9.079266
11.791052
10.887389
10.398326
13.759723
7.550405
9.658051
14.120693
12.273043
17.082319
7.158022
4.248303
10.606036
7.766375
7.978592
10.751050
13.313349
8.541426
15.250105
12.695767
13.205170
11.679052
8.700671
11.077118
8.638138
7.632794
7.825839
6.156257
12.626053
8.660154
6.691878
8.893556
12.530420
11.992505
12.025509
14.263508
11.163118
15.222104
10.952736
11.477574
8.194578
7.845939
7.852207
12.208035
7.576339
7.880516
9.225277
3.185445
10.968145
9.374275
10.815192
12.096264
8.846639
10.104954
7.875495
7.129715
7.646428
10.981893
14.446714
7.493325
10.475173
12.434974
6.449644
6.312846
14.682168
12.260940
12.637606
13.631489
8.881373
10.255319
9.036115
11.093307
11.381417
12.827573
12.380145
13.200318
7.979798
9.702274
5.760078
10.190058
11.310334
7.021317
12.013558
11.650429
8.392931
10.672483
10.496748
15.734742
7.357201
14.534833
14.144063
6.084653
9.516152
11.323960
11.472389
14.816388
9.199369
14.361283
8.590924
10.436802
7.385196
11.808706
12.337902
12.227161
10.749228
10.952735
9.728238
4.834563
12.746548
11.920890
11.895879
10.019443
11.458443
6.147314
9.501189
15.649913
9.316531
6.323749
10.761908
8.869877
14.428108
9.354716
11.843214
11.607288
11.045579
5.879760
9.174207
9.185344
5.115721
5.705111
13.841276
8.952651
6.898207
11.646451
13.650484
4.352523
11.783597
7.012456
5.546768
12.156008
10.195714
8.681269
10.411768
5.959092
13.721774
7.676450
10.106727
9.703097
10.038967
9.144994
15.793674
12.625775
6.785105
6.848209
13.439898
8.493143
13.672734
11.969517
14.472581
10.566198
7.115927
10.663979
8.220713
10.039178
6.447629
12.193113
15.294561
11.254354
15.711220
12.529969
13.645402
14.008241
14.271685
11.992016
9.121862
11.624786
6.926769
6.894190
13.603283
9.060849
7.095778
8.903194
13.069323
9.780222
14.990629
10.502128
8.788418
8.303683
13.119143
6.978984
11.207593
8.276630
14.771567
9.915702
8.753438
13.929617
17.488419
11.437217
9.890238
10.833753
7.150634
6.285828
11.046961
7.708799
10.551665
6.969118
8.065162
11.552129
13.374703
11.625465
9.780814
7.334977
9.721254
12.814220
16.404609
13.970157
11.273915
9.027850
9.990196
3.121320
10.516417
10.404419
15.329537
6.626433
4.239306
14.850588
7.954877
7.720813
6.250406
5.408228
5.571288
12.552360
15.751251
12.634402
3.903479
13.598535
13.095171
12.086576
10.541310
6.130868
8.874805
5.138358
5.968922
12.225603
9.127479
9.819714
6.731531
10.770924
5.537048
12.700741
9.006393
9.692757
8.760105
5.186355
7.783298
11.752996
10.073502
12.618650
16.379397
13.842514
7.124455
8.204171
10.762371
6.603730
6.600679
9.668737
10.954509
10.431303
11.885112
9.429574
16.524405
9.251974
9.509246
4.779359
10.793998
8.611237
11.065011
12.650285
7.794975
8.958577
11.689337
7.518809
13.194209
8.994674
13.179751
9.708149
5.629479
7.918791
2.947610
6.737547
9.492093
7.695720
8.433259
11.740750
9.375477
10.328170
9.090347
14.114750
11.331485
13.038838
11.973756
11.435693
5.315855
8.008226
9.329977
10.996887
14.587242
9.485088
10.736436
8.653261
11.071525
8.448809
9.507783
10.462617
2.038483
6.974054
6.455498
8.633388
7.515240
10.882980
5.862102
12.455800
10.963068
10.821411
9.809495
10.366781
8.262232
11.256641
12.604867
12.681705
12.961652
10.981528
3.106654
13.669517
9.368126
8.903523
9.105762
8.271616
12.395526
8.650763
10.315880
9.429869
8.834614
6.505656
5.123594
9.123103
11.037624
8.095005
1.617042
13.959910
7.157681
11.028644
7.365945
5.028486
9.282686
10.218609
9.312041
9.961429
12.376118
12.065242
12.449804
14.065061
15.264429
10.353242
11.662264
9.309309
9.845121
10.819310
12.149992
12.365792
11.044543
4.633929
8.207817
10.382925
9.035143
10.666676
10.044702
12.706717
10.842472
8.480241
13.292718
9.486489
9.498378
7.193520
10.537539
7.844910
6.982047
15.278599
11.953148
11.112613
10.683238
14.057224
14.180365
6.233579
10.409190
6.890532
7.873295
10.410705
13.442678
8.625107
7.941260
6.674712
11.131064
8.842545
6.362333
14.478475
8.249993
10.133450
11.096121
9.232831
7.340718
11.939098
14.600373
3.426742
9.262729
7.641753
8.967105
13.687862
11.014464
10.496402
13.824563
10.114651
16.624548
6.843865
10.624346
13.802875
12.129884
3.455496
10.397563
10.519449
8.873796
5.017497
7.723299
12.815065
9.430098
11.125631
7.750349
10.435182
10.569085
9.972050
15.190600
11.042514
12.787866
9.578100
8.394766
8.949838
8.130769
14.590804
10.030951
8.565278
15.714186
9.726356
9.613547
9.769709
7.767881
13.564290
4.937129
10.664376
7.994441
2.294303
11.846915
14.942024
12.667252
13.159413
6.546030
5.773410
9.513766
11.281775
10.008333
10.421780
10.922772
7.568220
6.656547
11.892667
11.660590
11.775902
8.084929
12.255366
11.910511
9.512255
9.664817
8.596198
5.662076
3.555057
8.158521
9.163967
10.135829
10.015994
8.838549
5.925936
5.545776
7.893578
11.476181
8.935172
13.137820
8.788726
8.289788
6.646605
9.405993
13.389333
13.435771
12.742863
15.933844
12.539275
7.135684
9.489677
9.898399
8.410883
10.950785
11.522208
4.436483
10.273812
13.757198
9.651964
6.505337
7.355843
14.138040
7.020928
6.357347
12.043875
9.053420
10.976806
10.535595
14.074432
10.432878
7.750259
15.548773
6.306906
5.245527
5.874966
4.003196
8.956498
8.338135
11.748051
2.643603
8.505226
8.982245
16.579768
9.026231
9.176614
11.935810
15.089013
11.322073
10.607037
2.228887
6.198545
7.863975
10.211339
13.537288
5.899401
10.353016
13.583075
8.894273
8.343199
7.194353
8.362128
11.957853
11.963020
8.891490
10.743261
6.438946
11.322871
12.579465
12.046866
11.115741
7.665997
10.288793
8.966717
7.177888
11.093687
13.152023
15.165957
8.102077
9.560520
11.284558
7.930100
10.068284
14.300917
13.843551
9.179466
10.033098
11.629554
10.040467
12.248831
14.307037
8.660393
16.665796
14.088133
6.380402
7.842345
10.041596
11.501102
7.932406
15.606113
10.579458
7.171725
11.857624
4.585612
9.948113
6.805469
4.123442
15.339634
11.042352
9.658135
8.860840
9.594322
8.782211
12.244880
6.849369
5.387389
12.796940
8.885198
8.630972
8.131474
10.232145
8.262401
9.731569
12.199065
11.527060
3.529639
6.679018
9.231765
9.840382
11.369030
9.663865
8.628050
8.412757
11.999117
6.483002
14.390997
6.230396
10.431485
9.559431
17.343946
6.521934
7.957855
8.567609
9.931895
10.599598
6.999061
11.314791
10.905456
8.734544
5.306461
10.172845
10.431154
6.996164
9.064433
15.163119
5.005914
11.707530
8.748186
4.740594
6.067768
6.561264
1.103286
10.827258
11.281568
13.856996
15.604301
10.688052
9.389767
17.939579
5.834195
15.291407
14.849863
14.993550
13.989731
6.002525
12.662771
9.492533
8.810452
9.368135
13.696290
9.222649
13.593930
8.276041
9.296548
13.516361
9.947760
12.468443
10.355905
5.973114
12.750949
13.689756
7.409340
10.190103
7.578668
15.597618
12.306004
16.995193
8.836755
15.375553
12.201711
10.617290
9.579044
14.515142
13.086365
14.311431
9.574544
2.351290
8.075524
7.522867
15.227012
7.191758
10.176580
14.295728
9.896253
9.297445
12.295785
11.633578
11.573380
5.656736
10.399966
12.501093
6.868672
12.984471
9.773968
12.486768
8.843779
8.507836
5.491821
11.004790
6.114641
9.461590
11.518511
10.448016
8.723240
12.545954
10.511515
10.242772
14.026956
14.117497
13.281901
8.911423
16.939572
14.628088
13.426172
12.667544
10.689793
6.320929
10.346962
7.926416
7.163223
6.922898
9.931812
14.937107
7.653921
12.465354
10.196682
13.947272
10.281364
10.909431
5.116403
8.924652
14.595253
9.462740
8.239818
9.912474
11.872496
5.694179
8.476076
14.387845
11.286509
9.532326
8.134397
9.207302
8.627603
10.539770
8.712820
9.742343
6.506336
9.211144
14.926949
15.919247
11.459180
8.803692
6.041026
9.775844
14.000552
12.775403
12.978886
11.535190
8.262232
12.008147
14.703323
7.824142
9.905527
15.230720
12.429167
7.111112
7.978298
10.414622
11.725418
13.041275
11.599920
8.129438
7.895096
15.315072
11.161785
5.437677
8.174961
15.024297
10.565293
4.091855
6.724921
6.441663
9.229560
11.394651
9.158073
11.972644
8.479207
10.179308
9.401965
9.809136
13.214040
9.245123
5.425541
15.850656
4.277084
7.253637
11.856946
8.612569
9.643673
10.221076
9.371913
15.202714
6.879387
16.856176
8.665037
14.824125
10.466554
9.923827
10.111990
10.475069
8.931971
15.098641
6.807602
13.369027
10.084833
5.524906
14.087120
5.609799
10.951616
10.547510
4.727858
7.166237
10.417788
11.865100
8.249879
4.462371
7.227299
9.534792
9.481125
10.089059
6.407589
12.635918
12.032796
11.260040
14.863287
11.505335
4.452061
5.753287
10.877098
9.758152
9.923753
10.257600
6.245053
8.002360
5.476163
10.146486
9.104882
10.506747
14.577784
14.207874
8.376866
7.688717
12.716443
12.186321
13.782634
7.523701
12.861408
17.863542
8.752743
6.184722
4.075015
7.946129
7.368114
15.551860
6.330617
9.478656
11.207862
15.488025
9.408110
8.545981
11.458627
8.204107
8.627408
9.554740
10.734654
10.806114
11.593607
6.559883
9.413960
8.954626
