\BOOKMARK [0][-]{chapter.1}{Introduction}{}% 1
\BOOKMARK [1][-]{section.1.1}{Installation}{chapter.1}% 2
\BOOKMARK [1][-]{section.1.2}{Usage}{chapter.1}% 3
\BOOKMARK [0][-]{chapter.2}{Formatting input data for MITRE: standard 16S data}{}% 4
\BOOKMARK [1][-]{section.2.1}{Required files}{chapter.2}% 5
\BOOKMARK [2][-]{subsection.2.1.1}{Abundance table}{section.2.1}% 6
\BOOKMARK [2][-]{subsection.2.1.2}{Sample metadata table}{section.2.1}% 7
\BOOKMARK [2][-]{subsection.2.1.3}{Subject data table}{section.2.1}% 8
\BOOKMARK [2][-]{subsection.2.1.4}{Pplacer results}{section.2.1}% 9
\BOOKMARK [1][-]{section.2.2}{Optional files}{chapter.2}% 10
\BOOKMARK [2][-]{subsection.2.2.1}{Sequence key}{section.2.2}% 11
\BOOKMARK [2][-]{subsection.2.2.2}{Pplacer taxonomy table}{section.2.2}% 12
\BOOKMARK [2][-]{subsection.2.2.3}{Pplacer sequence information}{section.2.2}% 13
\BOOKMARK [2][-]{subsection.2.2.4}{Placement table}{section.2.2}% 14
\BOOKMARK [0][-]{chapter.3}{Formatting input data for MITRE: metaphlan results}{}% 15
\BOOKMARK [1][-]{section.3.1}{Required files}{chapter.3}% 16
\BOOKMARK [2][-]{subsection.3.1.1}{Abundance table}{section.3.1}% 17
\BOOKMARK [2][-]{subsection.3.1.2}{Sample metadata table}{section.3.1}% 18
\BOOKMARK [2][-]{subsection.3.1.3}{Subject data table}{section.3.1}% 19
\BOOKMARK [0][-]{chapter.4}{Quick guide to available MITRE output types}{}% 20
\BOOKMARK [0][-]{chapter.5}{Configuration options}{}% 21
\BOOKMARK [1][-]{section.5.1}{How a configuration file is processed}{chapter.5}% 22
\BOOKMARK [1][-]{section.5.2}{General}{chapter.5}% 23
\BOOKMARK [1][-]{section.5.3}{Description}{chapter.5}% 24
\BOOKMARK [1][-]{section.5.4}{Data}{chapter.5}% 25
\BOOKMARK [1][-]{section.5.5}{Preprocessing}{chapter.5}% 26
\BOOKMARK [1][-]{section.5.6}{Model}{chapter.5}% 27
\BOOKMARK [2][-]{subsection.5.6.1}{Required values}{section.5.6}% 28
\BOOKMARK [2][-]{subsection.5.6.2}{Saving the model object}{section.5.6}% 29
\BOOKMARK [2][-]{subsection.5.6.3}{Advanced settings}{section.5.6}% 30
\BOOKMARK [1][-]{section.5.7}{Replicates}{chapter.5}% 31
\BOOKMARK [1][-]{section.5.8}{Sampling}{chapter.5}% 32
\BOOKMARK [1][-]{section.5.9}{Postprocessing}{chapter.5}% 33
\BOOKMARK [1][-]{section.5.10}{K-fold crossvalidation}{chapter.5}% 34
\BOOKMARK [1][-]{section.5.11}{Leave-one-out crossvalidation}{chapter.5}% 35
\BOOKMARK [1][-]{section.5.12}{Comparison}{chapter.5}% 36
\BOOKMARK [1][-]{section.5.13}{Simulated data}{chapter.5}% 37
\BOOKMARK [1][-]{section.5.14}{Benchmarking}{chapter.5}% 38
\BOOKMARK [0][-]{chapter.6}{Example configuration file}{}% 39
