2018-10-26 12:59:16,113 - bold_identification.BOLDv4_identification_selenium - INFO - args: 
Namespace(browser='PhantomJS', db='COX1', debug=True, headless_browser=False, infile='COX1.fa', infileformat='fasta', outfile='out.taxa', submissiontimes=4, timeout=60, to_continue=False, topnum=1)

2018-10-26 12:59:16,115 - bold_identification.BOLDv4_identification_selenium - DEBUG - clade_chooseDB_css:
{'Animal': {'pannel': '.nav-tabs > li:nth-child(1) > a:nth-child(1)', 'db': {'COX1': 'table.table:nth-child(4) > tbody:nth-child(1) > tr:nth-child(1) > td:nth-child(1) > input:nth-child(1)', 'COX1_SPECIES': 'table.table:nth-child(4) > tbody:nth-child(1) > tr:nth-child(2) > td:nth-child(1) > input:nth-child(1)', 'COX1_SPECIES_PUBLIC': 'table.table:nth-child(4) > tbody:nth-child(1) > tr:nth-child(3) > td:nth-child(1) > input:nth-child(1)', 'COX1_L640bp': 'table.table:nth-child(4) > tbody:nth-child(1) > tr:nth-child(4) > td:nth-child(1) > input:nth-child(1)'}, 'textarea': 'textarea.form-control:nth-child(6)', 'submit_button': '#submitAnimal'}, 'Fungi': {'pannel': '.nav-tabs > li:nth-child(2) > a:nth-child(1)', 'db': {'ITS': '#fungiForm > table:nth-child(3) > tbody:nth-child(1) > tr:nth-child(1) > td:nth-child(1) > input:nth-child(1)'}, 'textarea': '#fungiForm > textarea:nth-child(5)', 'submit_button': '#submitFungal'}, 'Plant': {'pannel': '.nav-tabs > li:nth-child(3) > a:nth-child(1)', 'db': {'Plant': '#plantForm > table:nth-child(3) > tbody:nth-child(1) > tr:nth-child(1) > td:nth-child(1) > input:nth-child(1)'}, 'textarea': '#plantForm > textarea:nth-child(5)', 'submit_button': '#submitPlant'}}

2018-10-26 12:59:16,115 - bold_identification.BOLDv4_identification_selenium - DEBUG - clade_getREUSLT_css:
{'Animal': OrderedDict([('Header', {'COX1': '.taxonHeader > td:nth-child(1) > strong:nth-child(1)', 'COX1_SPECIES': '.taxonHeader > td:nth-child(1) > h6:nth-child(1) > strong:nth-child(1)', 'COX1_SPECIES_PUBLIC': '.taxonHeader > td:nth-child(1) > h6:nth-child(1) > strong:nth-child(1)', 'COX1_L640bp': '.taxonHeader > td:nth-child(1) > h6:nth-child(1) > strong:nth-child(1)'}), ('Phylum', 'tr.evenRow:nth-child({0}) > td:nth-child(1)'), ('Class', 'tr.evenRow:nth-child({0}) > td:nth-child(2)'), ('Order', 'tr.evenRow:nth-child({0}) > td:nth-child(3)'), ('Family', 'tr.evenRow:nth-child({0}) > td:nth-child(4)'), ('Genus', 'tr.evenRow:nth-child({0}) > td:nth-child(5)'), ('Species', 'tr.evenRow:nth-child({0}) > td:nth-child(6)'), ('Subspecies', 'tr.evenRow:nth-child({0}) > td:nth-child(7)'), ('Similarity', 'tr.evenRow:nth-child({0}) > td:nth-child(8)'), ('Status', 'tr.evenRow:nth-child({0}) > td:nth-child(9)')]), 'Fungi': OrderedDict([('Header', {'ITS': '.taxonHeader > td:nth-child(1) > h6:nth-child(1) > strong:nth-child(1)'}), ('Phylum', 'tr.evenRow:nth-child({0}) > td:nth-child(2)'), ('Class', 'tr.evenRow:nth-child({0}) > td:nth-child(3)'), ('Order', 'tr.evenRow:nth-child({0}) > td:nth-child(4)'), ('Family', 'tr.evenRow:nth-child({0}) > td:nth-child(5)'), ('Genus', 'tr.evenRow:nth-child({0}) > td:nth-child(6)'), ('Species', 'tr.evenRow:nth-child({0}) > td:nth-child(7)'), ('Subspecies', 'tr.evenRow:nth-child({0}) > td:nth-child(8)'), ('Score', 'tr.evenRow:nth-child({0}) > td:nth-child(9)'), ('Similarity', 'tr.evenRow:nth-child({0}) > td:nth-child(10)'), ('E-Value', 'tr.evenRow:nth-child({0}) > td:nth-child(11)'), ('Status', 'tr.evenRow:nth-child({0}) > td:nth-child(12)')]), 'Plant': OrderedDict([('Header', {'Plant': '.taxonHeader > td:nth-child(1) > h6:nth-child(1) > strong:nth-child(1)'}), ('Phylum', 'tr.evenRow:nth-child({0}) > td:nth-child(2)'), ('Class', 'tr.evenRow:nth-child({0}) > td:nth-child(3)'), ('Order', 'tr.evenRow:nth-child({0}) > td:nth-child(4)'), ('Family', 'tr.evenRow:nth-child({0}) > td:nth-child(5)'), ('Genus', 'tr.evenRow:nth-child({0}) > td:nth-child(6)'), ('Species', 'tr.evenRow:nth-child({0}) > td:nth-child(7)'), ('Subspecies', 'tr.evenRow:nth-child({0}) > td:nth-child(8)'), ('Score', 'tr.evenRow:nth-child({0}) > td:nth-child(9)'), ('Similarity', 'tr.evenRow:nth-child({0}) > td:nth-child(10)'), ('E-Value', 'tr.evenRow:nth-child({0}) > td:nth-child(11)'), ('Status', 'tr.evenRow:nth-child({0}) > td:nth-child(12)')])}

2018-10-26 12:59:16,116 - bold_identification.BOLDv4_identification_selenium - DEBUG - db_clade:
{'COX1': 'Animal', 'COX1_SPECIES': 'Animal', 'COX1_SPECIES_PUBLIC': 'Animal', 'COX1_L640bp': 'Animal', 'ITS': 'Fungi', 'Plant': 'Plant'}

2018-10-26 12:59:16,116 - bold_identification.BOLDv4_identification_selenium - DEBUG - clade:
Animal

2018-10-26 12:59:16,116 - bold_identification.BOLDv4_identification_selenium - DEBUG - ranks_2:
odict_keys(['Header', 'Phylum', 'Class', 'Order', 'Family', 'Genus', 'Species', 'Subspecies', 'Similarity', 'Status'])

2018-10-26 12:59:16,116 - bold_identification.BOLDv4_identification_selenium - INFO - ranks:
['Phylum', 'Class', 'Order', 'Family', 'Genus', 'Species', 'Subspecies', 'Similarity', 'Status']

2018-10-26 12:59:16,120 - bold_identification.BOLDv4_identification_selenium - WARNING - Local /Users/mengguanliang/soft/miniconda3/lib/python3.6/site-packages/bold_identification/drivers/PhantomJS/Darwin/phantomjs not found!
2018-10-26 12:59:16,120 - bold_identification.BOLDv4_identification_selenium - DEBUG - brow_plt_url:
{'Firefox': {'Darwin': 'https://github.com/mozilla/geckodriver/releases/download/v0.21.0/geckodriver-v0.21.0-macos.tar.gz', 'Linux': 'https://github.com/mozilla/geckodriver/releases/download/v0.21.0/geckodriver-v0.21.0-linux64.tar.gz', 'Windows': 'https://github.com/mozilla/geckodriver/releases/download/v0.21.0/geckodriver-v0.21.0-win64.zip'}, 'Chrome': {'Darwin': 'https://chromedriver.storage.googleapis.com/2.40/chromedriver_mac64.zip', 'Linux': 'https://chromedriver.storage.googleapis.com/2.40/chromedriver_linux64.zip', 'Windows': 'https://chromedriver.storage.googleapis.com/2.40/chromedriver_win32.zip'}, 'PhantomJS': {'Darwin': 'https://bitbucket.org/ariya/phantomjs/downloads/phantomjs-2.1.1-macosx.zip', 'Linux': 'https://bitbucket.org/ariya/phantomjs/downloads/phantomjs-2.1.1-linux-x86_64.tar.bz2', 'Windows': 'https://bitbucket.org/ariya/phantomjs/downloads/phantomjs-2.1.1-windows.zip'}}

2018-10-26 12:59:16,120 - bold_identification.BOLDv4_identification_selenium - WARNING - Downloading browser from:
https://bitbucket.org/ariya/phantomjs/downloads/phantomjs-2.1.1-macosx.zip

2018-10-26 12:59:54,093 - bold_identification.BOLDv4_identification_selenium - WARNING - Unpacking the file:
/Users/mengguanliang/soft/miniconda3/lib/python3.6/site-packages/bold_identification/drivers/PhantomJS/Darwin/phantomjs-2.1.1-macosx.zip

2018-10-26 12:59:54,653 - bold_identification.BOLDv4_identification_selenium - WARNING - Removing the file:
/Users/mengguanliang/soft/miniconda3/lib/python3.6/site-packages/bold_identification/drivers/PhantomJS/Darwin/phantomjs-2.1.1-macosx.zip

2018-10-26 12:59:54,654 - bold_identification.BOLDv4_identification_selenium - WARNING - Making the file be executable

2018-10-26 12:59:57,329 - bold_identification.BOLDv4_identification_selenium - DEBUG - driver path:
/Users/mengguanliang/soft/miniconda3/lib/python3.6/site-packages/bold_identification/drivers/PhantomJS/Darwin/phantomjs-2.1.1-macosx/bin/phantomjs

2018-10-26 12:59:57,436 - bold_identification.BOLDv4_identification_selenium - INFO - start to search the 1 sequence: COX1_APAL1

2018-10-26 12:59:57,437 - bold_identification.BOLDv4_identification_selenium - DEBUG - open http://www.boldsystems.org/index.php/IDS_OpenIdEngine

2018-10-26 13:00:14,687 - bold_identification.BOLDv4_identification_selenium - DEBUG - chooseDB_css['pannel']:
.nav-tabs > li:nth-child(1) > a:nth-child(1)

2018-10-26 13:00:21,903 - bold_identification.BOLDv4_identification_selenium - DEBUG - chooseDB_css['textarea']:
textarea.form-control:nth-child(6)

2018-10-26 13:00:23,940 - bold_identification.BOLDv4_identification_selenium - DEBUG - chooseDB_css['submit_button']:
#submitAnimal

2018-10-26 13:00:44,008 - bold_identification.BOLDv4_identification_selenium - DEBUG - header_css:
.taxonHeader > td:nth-child(1) > strong:nth-child(1)

2018-10-26 13:00:48,056 - bold_identification.BOLDv4_identification_selenium - DEBUG - 
Phylum css selector: tr.evenRow:nth-child(2) > td:nth-child(1)

2018-10-26 13:00:48,121 - bold_identification.BOLDv4_identification_selenium - DEBUG - 
Class css selector: tr.evenRow:nth-child(2) > td:nth-child(2)

2018-10-26 13:00:48,156 - bold_identification.BOLDv4_identification_selenium - DEBUG - 
Order css selector: tr.evenRow:nth-child(2) > td:nth-child(3)

2018-10-26 13:00:48,192 - bold_identification.BOLDv4_identification_selenium - DEBUG - 
Family css selector: tr.evenRow:nth-child(2) > td:nth-child(4)

2018-10-26 13:00:48,224 - bold_identification.BOLDv4_identification_selenium - DEBUG - 
Genus css selector: tr.evenRow:nth-child(2) > td:nth-child(5)

2018-10-26 13:00:48,265 - bold_identification.BOLDv4_identification_selenium - DEBUG - 
Species css selector: tr.evenRow:nth-child(2) > td:nth-child(6)

2018-10-26 13:00:48,299 - bold_identification.BOLDv4_identification_selenium - DEBUG - 
Subspecies css selector: tr.evenRow:nth-child(2) > td:nth-child(7)

2018-10-26 13:00:48,335 - bold_identification.BOLDv4_identification_selenium - DEBUG - 
Similarity css selector: tr.evenRow:nth-child(2) > td:nth-child(8)

2018-10-26 13:00:48,371 - bold_identification.BOLDv4_identification_selenium - DEBUG - 
Status css selector: tr.evenRow:nth-child(2) > td:nth-child(9)

2018-10-26 13:00:48,406 - bold_identification.BOLDv4_identification_selenium - DEBUG - got taxa:
defaultdict(<class 'dict'>, {'1': {'Phylum': 'Chordata', 'Class': 'Mammalia', 'Order': 'Rodentia', 'Family': 'Muridae', 'Genus': 'Apodemus', 'Species': 'uralensis', 'Subspecies': '', 'Similarity': '', 'Status': ''}})

2018-10-26 13:00:50,409 - bold_identification.BOLDv4_identification_selenium - INFO - start to search the 2 sequence: scaffold358;COX1;[1567:3117](+)

2018-10-26 13:00:50,410 - bold_identification.BOLDv4_identification_selenium - DEBUG - open http://www.boldsystems.org/index.php/IDS_OpenIdEngine

2018-10-26 13:00:51,469 - bold_identification.BOLDv4_identification_selenium - DEBUG - chooseDB_css['pannel']:
.nav-tabs > li:nth-child(1) > a:nth-child(1)

2018-10-26 13:00:58,646 - bold_identification.BOLDv4_identification_selenium - DEBUG - chooseDB_css['textarea']:
textarea.form-control:nth-child(6)

2018-10-26 13:01:01,089 - bold_identification.BOLDv4_identification_selenium - DEBUG - chooseDB_css['submit_button']:
#submitAnimal

2018-10-26 13:01:21,154 - bold_identification.BOLDv4_identification_selenium - DEBUG - header_css:
.taxonHeader > td:nth-child(1) > strong:nth-child(1)

2018-10-26 13:01:25,188 - bold_identification.BOLDv4_identification_selenium - DEBUG - 
Phylum css selector: tr.evenRow:nth-child(2) > td:nth-child(1)

2018-10-26 13:01:25,226 - bold_identification.BOLDv4_identification_selenium - DEBUG - 
Class css selector: tr.evenRow:nth-child(2) > td:nth-child(2)

2018-10-26 13:01:25,265 - bold_identification.BOLDv4_identification_selenium - DEBUG - 
Order css selector: tr.evenRow:nth-child(2) > td:nth-child(3)

2018-10-26 13:01:25,300 - bold_identification.BOLDv4_identification_selenium - DEBUG - 
Family css selector: tr.evenRow:nth-child(2) > td:nth-child(4)

2018-10-26 13:01:25,333 - bold_identification.BOLDv4_identification_selenium - DEBUG - 
Genus css selector: tr.evenRow:nth-child(2) > td:nth-child(5)

2018-10-26 13:01:25,376 - bold_identification.BOLDv4_identification_selenium - DEBUG - 
Species css selector: tr.evenRow:nth-child(2) > td:nth-child(6)

2018-10-26 13:01:25,418 - bold_identification.BOLDv4_identification_selenium - DEBUG - 
Subspecies css selector: tr.evenRow:nth-child(2) > td:nth-child(7)

2018-10-26 13:01:25,460 - bold_identification.BOLDv4_identification_selenium - DEBUG - 
Similarity css selector: tr.evenRow:nth-child(2) > td:nth-child(8)

2018-10-26 13:01:25,500 - bold_identification.BOLDv4_identification_selenium - DEBUG - 
Status css selector: tr.evenRow:nth-child(2) > td:nth-child(9)

2018-10-26 13:01:25,567 - bold_identification.BOLDv4_identification_selenium - DEBUG - got taxa:
defaultdict(<class 'dict'>, {'1': {'Phylum': 'Chordata', 'Class': 'Mammalia', 'Order': 'Carnivora', 'Family': 'Felidae', 'Genus': 'Panthera', 'Species': 'leo', 'Subspecies': '', 'Similarity': '', 'Status': ''}})

2018-10-26 13:01:27,568 - bold_identification.BOLDv4_identification_selenium - INFO - start to search the 3 sequence: NC_010642.1;COX1;[6279:7824](+)

2018-10-26 13:01:27,568 - bold_identification.BOLDv4_identification_selenium - DEBUG - open http://www.boldsystems.org/index.php/IDS_OpenIdEngine

2018-10-26 13:01:28,635 - bold_identification.BOLDv4_identification_selenium - DEBUG - chooseDB_css['pannel']:
.nav-tabs > li:nth-child(1) > a:nth-child(1)

2018-10-26 13:01:35,793 - bold_identification.BOLDv4_identification_selenium - DEBUG - chooseDB_css['textarea']:
textarea.form-control:nth-child(6)

2018-10-26 13:01:38,138 - bold_identification.BOLDv4_identification_selenium - DEBUG - chooseDB_css['submit_button']:
#submitAnimal

2018-10-26 13:01:58,201 - bold_identification.BOLDv4_identification_selenium - DEBUG - header_css:
.taxonHeader > td:nth-child(1) > strong:nth-child(1)

2018-10-26 13:02:02,228 - bold_identification.BOLDv4_identification_selenium - DEBUG - 
Phylum css selector: tr.evenRow:nth-child(2) > td:nth-child(1)

2018-10-26 13:02:02,272 - bold_identification.BOLDv4_identification_selenium - DEBUG - 
Class css selector: tr.evenRow:nth-child(2) > td:nth-child(2)

2018-10-26 13:02:02,296 - bold_identification.BOLDv4_identification_selenium - DEBUG - 
Order css selector: tr.evenRow:nth-child(2) > td:nth-child(3)

2018-10-26 13:02:02,326 - bold_identification.BOLDv4_identification_selenium - DEBUG - 
Family css selector: tr.evenRow:nth-child(2) > td:nth-child(4)

2018-10-26 13:02:02,349 - bold_identification.BOLDv4_identification_selenium - DEBUG - 
Genus css selector: tr.evenRow:nth-child(2) > td:nth-child(5)

2018-10-26 13:02:02,378 - bold_identification.BOLDv4_identification_selenium - DEBUG - 
Species css selector: tr.evenRow:nth-child(2) > td:nth-child(6)

2018-10-26 13:02:02,416 - bold_identification.BOLDv4_identification_selenium - DEBUG - 
Subspecies css selector: tr.evenRow:nth-child(2) > td:nth-child(7)

2018-10-26 13:02:02,449 - bold_identification.BOLDv4_identification_selenium - DEBUG - 
Similarity css selector: tr.evenRow:nth-child(2) > td:nth-child(8)

2018-10-26 13:02:02,478 - bold_identification.BOLDv4_identification_selenium - DEBUG - 
Status css selector: tr.evenRow:nth-child(2) > td:nth-child(9)

2018-10-26 13:02:02,510 - bold_identification.BOLDv4_identification_selenium - DEBUG - got taxa:
defaultdict(<class 'dict'>, {'1': {'Phylum': 'Chordata', 'Class': 'Mammalia', 'Order': 'Carnivora', 'Family': 'Felidae', 'Genus': 'Panthera', 'Species': 'tigris', 'Subspecies': 'corbetti', 'Similarity': '', 'Status': ''}})

2018-10-26 13:02:04,515 - bold_identification.BOLDv4_identification_selenium - INFO - start to search the 4 sequence: test2

2018-10-26 13:02:04,515 - bold_identification.BOLDv4_identification_selenium - DEBUG - open http://www.boldsystems.org/index.php/IDS_OpenIdEngine

2018-10-26 13:02:05,363 - bold_identification.BOLDv4_identification_selenium - DEBUG - chooseDB_css['pannel']:
.nav-tabs > li:nth-child(1) > a:nth-child(1)

2018-10-26 13:02:12,588 - bold_identification.BOLDv4_identification_selenium - DEBUG - chooseDB_css['textarea']:
textarea.form-control:nth-child(6)

2018-10-26 13:02:14,844 - bold_identification.BOLDv4_identification_selenium - DEBUG - chooseDB_css['submit_button']:
#submitAnimal

2018-10-26 13:02:34,922 - bold_identification.BOLDv4_identification_selenium - DEBUG - header_css:
.taxonHeader > td:nth-child(1) > strong:nth-child(1)

2018-10-26 13:02:38,957 - bold_identification.BOLDv4_identification_selenium - DEBUG - 
Phylum css selector: tr.evenRow:nth-child(2) > td:nth-child(1)

2018-10-26 13:02:38,993 - bold_identification.BOLDv4_identification_selenium - DEBUG - 
Class css selector: tr.evenRow:nth-child(2) > td:nth-child(2)

2018-10-26 13:02:39,025 - bold_identification.BOLDv4_identification_selenium - DEBUG - 
Order css selector: tr.evenRow:nth-child(2) > td:nth-child(3)

2018-10-26 13:02:39,050 - bold_identification.BOLDv4_identification_selenium - DEBUG - 
Family css selector: tr.evenRow:nth-child(2) > td:nth-child(4)

2018-10-26 13:02:39,076 - bold_identification.BOLDv4_identification_selenium - DEBUG - 
Genus css selector: tr.evenRow:nth-child(2) > td:nth-child(5)

2018-10-26 13:02:39,101 - bold_identification.BOLDv4_identification_selenium - DEBUG - 
Species css selector: tr.evenRow:nth-child(2) > td:nth-child(6)

2018-10-26 13:02:39,131 - bold_identification.BOLDv4_identification_selenium - DEBUG - 
Subspecies css selector: tr.evenRow:nth-child(2) > td:nth-child(7)

2018-10-26 13:02:39,162 - bold_identification.BOLDv4_identification_selenium - DEBUG - 
Similarity css selector: tr.evenRow:nth-child(2) > td:nth-child(8)

2018-10-26 13:02:39,195 - bold_identification.BOLDv4_identification_selenium - DEBUG - 
Status css selector: tr.evenRow:nth-child(2) > td:nth-child(9)

2018-10-26 13:02:39,228 - bold_identification.BOLDv4_identification_selenium - DEBUG - got taxa:
defaultdict(<class 'dict'>, {'1': {'Phylum': 'Chordata', 'Class': 'Mammalia', 'Order': 'Carnivora', 'Family': 'Felidae', 'Genus': 'Panthera', 'Species': 'leo', 'Subspecies': '', 'Similarity': '', 'Status': ''}})

