Mon Oct 15 19:38:19 2018  >>>Streaming was started<<<  for 'de' language 
    StreamerFilterSetting: {'filter': 't+l', 'stop_words': True, 'terms': False, 'language': 'de'} (l+t) 
    Mon Oct 15 19:38:29 2018 Stream was aborted by user 'KeyboardInterrupt' 
    Short Conclusion for the last day (2018-10-15):
     TotalSavedThisSession: 144
     TotalSavedThisDay: 144
     Original-de-Tweets: 83
     Original-de-Retweets: 55
     Other languages: 6
     Undelivered: 0 
Mon Oct 15 19:38:34 2018  >>>Streaming was started<<<  for 'de' language 
    StreamerFilterSetting: {'filter': 't+l', 'stop_words': True, 'terms': False, 'language': 'de'} (l+t) 
    Mon Oct 15 19:38:41 2018 Stream was aborted by user 'KeyboardInterrupt' 
    Short Conclusion for the last day (2018-10-15):
     TotalSavedThisSession: 96
     TotalSavedThisDay: 96
     Original-de-Tweets: 64
     Original-de-Retweets: 28
     Other languages: 4
     Undelivered: 0 
Mon Oct 15 19:38:53 2018  >>>Streaming was started<<<  for 'de' language 
    StreamerFilterSetting: {'filter': 't+l', 'stop_words': True, 'terms': False, 'language': 'de'} (l+t) 
    Mon Oct 15 19:38:54 2018 Stream was aborted by user 'KeyboardInterrupt' 
    Short Conclusion for the last day (2018-10-15):
     TotalSavedThisSession: 16
     TotalSavedThisDay: 16
     Original-de-Tweets: 12
     Original-de-Retweets: 2
     Other languages: 2
     Undelivered: 0 
